2025-01-13 13:27:56,444 - INFO - 3 changes detected
2025-01-13 13:28:32,077 - INFO - 3 changes detected
2025-01-13 13:28:32,616 - INFO - 1 change detected
2025-01-13 13:28:35,786 - INFO - 3 changes detected
2025-01-13 13:28:35,882 - INFO - Application started -----------
2025-01-13 13:29:44,835 - INFO - 3 changes detected
2025-01-13 13:29:45,418 - INFO - 1 change detected
2025-01-13 13:29:48,564 - INFO - 3 changes detected
2025-01-13 13:29:48,671 - INFO - Application started -----------
2025-01-13 13:30:05,270 - INFO - 3 changes detected
2025-01-13 13:30:05,817 - INFO - 1 change detected
2025-01-13 13:30:08,186 - INFO - 3 changes detected
2025-01-13 13:30:08,956 - INFO - Application started -----------
2025-01-13 13:31:55,791 - INFO - 3 changes detected
2025-01-13 13:31:56,319 - INFO - 1 change detected
2025-01-13 13:31:58,825 - INFO - 3 changes detected
2025-01-13 13:31:59,104 - INFO - Application started -----------
2025-01-13 13:32:37,094 - INFO - 3 changes detected
2025-01-13 13:32:37,635 - INFO - 1 change detected
2025-01-13 13:32:40,135 - INFO - 3 changes detected
2025-01-13 13:32:40,200 - INFO - Application started -----------
2025-01-13 13:34:08,689 - INFO - 3 changes detected
2025-01-13 13:34:09,187 - INFO - 1 change detected
2025-01-13 13:34:11,999 - INFO - 3 changes detected
2025-01-13 13:34:12,175 - INFO - Application started -----------
2025-01-13 13:34:37,388 - INFO - 3 changes detected
2025-01-13 13:34:37,912 - INFO - 1 change detected
2025-01-13 13:34:40,562 - INFO - 3 changes detected
2025-01-13 13:34:40,626 - INFO - Application started -----------
2025-01-13 13:35:25,792 - INFO - 3 changes detected
2025-01-13 13:35:26,286 - INFO - 1 change detected
2025-01-13 13:35:29,010 - INFO - 3 changes detected
2025-01-13 13:35:29,218 - INFO - Application started -----------
2025-01-13 13:39:02,269 - INFO - 3 changes detected
2025-01-13 13:39:02,786 - INFO - 1 change detected
2025-01-13 13:39:05,122 - INFO - 3 changes detected
2025-01-13 13:39:05,249 - INFO - Application started -----------
2025-01-13 13:40:53,535 - INFO - 3 changes detected
2025-01-13 13:40:54,089 - INFO - 1 change detected
2025-01-13 13:40:56,160 - INFO - 3 changes detected
2025-01-13 13:40:56,314 - INFO - Application started -----------
2025-01-13 13:42:47,327 - INFO - 3 changes detected
2025-01-13 13:42:47,874 - INFO - 1 change detected
2025-01-13 13:42:50,165 - INFO - 3 changes detected
2025-01-13 13:42:50,396 - INFO - Application started -----------
2025-01-13 13:43:14,109 - INFO - 3 changes detected
2025-01-13 13:43:14,664 - INFO - 1 change detected
2025-01-13 13:43:16,377 - INFO - 3 changes detected
2025-01-13 13:43:16,816 - INFO - Application started -----------
2025-01-13 13:43:54,647 - INFO - 3 changes detected
2025-01-13 13:43:55,143 - INFO - 1 change detected
2025-01-13 13:43:58,205 - INFO - 3 changes detected
2025-01-13 13:43:58,326 - INFO - Application started -----------
2025-01-13 17:22:20,552 - INFO - Application started -----------
2025-01-13 17:22:27,207 - INFO - Application started -----------
2025-01-13 17:30:27,571 - INFO - 3 changes detected
2025-01-13 17:30:28,235 - INFO - 1 change detected
2025-01-13 17:30:30,381 - INFO - 3 changes detected
2025-01-13 17:30:30,500 - INFO - Application started -----------
2025-01-13 17:38:09,211 - INFO - 3 changes detected
2025-01-13 17:38:09,877 - INFO - 1 change detected
2025-01-13 17:38:12,721 - INFO - 3 changes detected
2025-01-13 17:38:12,831 - INFO - Application started -----------
2025-01-13 17:39:41,103 - INFO - 3 changes detected
2025-01-13 17:39:41,745 - INFO - 1 change detected
2025-01-13 17:39:45,887 - INFO - 3 changes detected
2025-01-13 17:39:46,301 - INFO - Application started -----------
2025-01-13 17:45:58,872 - INFO - 6 changes detected
2025-01-13 17:45:59,412 - INFO - 1 change detected
2025-01-13 17:49:17,185 - INFO - 3 changes detected
2025-01-13 17:52:52,989 - INFO - 3 changes detected
2025-01-13 17:52:57,962 - INFO - 3 changes detected
2025-01-13 17:52:58,430 - INFO - 3 changes detected
2025-01-13 17:52:58,563 - INFO - Application started -----------
2025-01-13 17:53:13,461 - INFO - 3 changes detected
2025-01-13 17:53:13,983 - INFO - 1 change detected
2025-01-13 17:53:16,034 - INFO - 3 changes detected
2025-01-13 17:53:16,584 - INFO - Application started -----------
2025-01-13 17:58:49,014 - INFO - 3 changes detected
2025-01-13 17:58:49,578 - INFO - 1 change detected
2025-01-13 17:58:52,418 - INFO - 3 changes detected
2025-01-13 17:58:53,006 - INFO - Application started -----------
2025-01-13 22:17:30,160 - INFO - Application started -----------
2025-01-13 22:17:35,364 - INFO - Application started -----------
2025-01-13 22:27:57,132 - INFO - 3 changes detected
2025-01-13 22:27:57,818 - INFO - 1 change detected
2025-01-13 22:30:23,798 - INFO - 6 changes detected
2025-01-13 22:30:26,656 - INFO - 3 changes detected
2025-01-13 22:31:44,344 - INFO - 3 changes detected
2025-01-13 22:31:47,828 - INFO - Application started -----------
2025-01-13 22:31:47,937 - INFO - 3 changes detected
2025-01-13 22:37:16,773 - INFO - 3 changes detected
2025-01-13 22:37:17,406 - INFO - 1 change detected
2025-01-13 22:37:20,864 - INFO - 3 changes detected
2025-01-13 22:37:20,969 - INFO - Application started -----------
2025-01-13 22:41:39,110 - INFO - 3 changes detected
2025-01-13 22:41:39,705 - INFO - 1 change detected
2025-01-13 22:41:41,984 - INFO - Application started -----------
2025-01-13 22:41:42,090 - INFO - 3 changes detected
2025-01-13 22:44:23,255 - WARNING - (trapped) error reading bcrypt version
Traceback (most recent call last):
  File "/Users/user/Desktop/Projects/Ethos/.env/lib/python3.11/site-packages/passlib/handlers/bcrypt.py", line 620, in _load_backend_mixin
    version = _bcrypt.__about__.__version__
              ^^^^^^^^^^^^^^^^^
AttributeError: module 'bcrypt' has no attribute '__about__'
2025-01-13 22:48:44,156 - INFO - 3 changes detected
2025-01-13 22:48:44,713 - INFO - 1 change detected
2025-01-13 22:48:48,775 - INFO - Application started -----------
2025-01-13 22:48:48,814 - INFO - 3 changes detected
2025-01-13 22:49:49,359 - INFO - 3 changes detected
2025-01-13 22:49:49,852 - INFO - 1 change detected
2025-01-13 22:49:53,184 - INFO - Application started -----------
2025-01-13 22:49:53,268 - INFO - 3 changes detected
2025-01-13 22:50:20,197 - INFO - 1 change detected
2025-01-13 22:50:55,738 - INFO - 1 change detected
2025-01-13 22:54:14,893 - INFO - 3 changes detected
2025-01-13 22:54:15,468 - INFO - 1 change detected
2025-01-13 22:54:19,519 - INFO - 3 changes detected
2025-01-13 22:54:19,612 - INFO - Application started -----------
2025-01-13 22:54:27,624 - INFO - 1 change detected
2025-01-13 22:54:43,108 - INFO - 2 changes detected
2025-01-13 22:54:53,583 - INFO - 1 change detected
2025-01-13 23:04:31,801 - INFO - 3 changes detected
2025-01-13 23:04:32,374 - INFO - 1 change detected
2025-01-13 23:04:34,719 - INFO - Application started -----------
2025-01-13 23:04:34,795 - INFO - 3 changes detected
2025-01-13 23:10:10,817 - INFO - 3 changes detected
2025-01-13 23:10:11,342 - INFO - 1 change detected
2025-01-13 23:10:14,669 - INFO - Application started -----------
2025-01-13 23:10:14,726 - INFO - 3 changes detected
2025-01-13 23:10:25,532 - INFO - update data ------- title=None content=None tags=['uno'] image=None
2025-01-13 23:12:04,577 - INFO - 3 changes detected
2025-01-13 23:12:05,169 - INFO - 1 change detected
2025-01-13 23:12:07,951 - INFO - 3 changes detected
2025-01-13 23:12:08,052 - INFO - Application started -----------
2025-01-13 23:12:27,633 - INFO - 3 changes detected
2025-01-13 23:12:28,197 - INFO - 1 change detected
2025-01-13 23:12:30,774 - INFO - 3 changes detected
2025-01-13 23:12:30,910 - INFO - Application started -----------
2025-01-13 23:12:34,501 - INFO - update data ------- title=None content=None tags=['uno'] image=None
2025-01-13 23:13:24,327 - INFO - update data ------- title=None content=None tags=['uno'] image=None
2025-01-13 23:15:25,228 - INFO - 3 changes detected
2025-01-13 23:15:25,780 - INFO - 1 change detected
2025-01-13 23:15:28,054 - INFO - 3 changes detected
2025-01-13 23:15:28,185 - INFO - Application started -----------
2025-01-13 23:15:32,661 - INFO - User model ---- get current user payload error
2025-01-13 23:20:39,586 - WARNING - (trapped) error reading bcrypt version
Traceback (most recent call last):
  File "/Users/user/Desktop/Projects/Ethos/.env/lib/python3.11/site-packages/passlib/handlers/bcrypt.py", line 620, in _load_backend_mixin
    version = _bcrypt.__about__.__version__
              ^^^^^^^^^^^^^^^^^
AttributeError: module 'bcrypt' has no attribute '__about__'
2025-01-13 23:21:51,928 - INFO - 3 changes detected
2025-01-13 23:21:52,482 - INFO - 1 change detected
2025-01-13 23:21:55,955 - INFO - 3 changes detected
2025-01-13 23:21:56,158 - INFO - Application started -----------
2025-01-13 23:21:56,351 - INFO - update data ------- title=None content=None tags=['uno'] image=None
2025-01-13 23:23:04,162 - INFO - 3 changes detected
2025-01-13 23:23:04,761 - INFO - 1 change detected
2025-01-13 23:23:07,598 - INFO - Application started -----------
2025-01-13 23:23:07,676 - INFO - 3 changes detected
2025-01-13 23:24:30,110 - INFO - 3 changes detected
2025-01-13 23:24:30,684 - INFO - 1 change detected
2025-01-13 23:24:33,696 - INFO - Application started -----------
2025-01-13 23:24:33,743 - INFO - 3 changes detected
2025-01-13 23:24:33,844 - INFO - update data ------- title='ladyo' content='zooterh' tags=['uno'] image=None
2025-01-13 23:26:36,459 - INFO - 9 changes detected
2025-01-13 23:26:37,011 - INFO - 1 change detected
2025-01-13 23:26:39,614 - INFO - 3 changes detected
2025-01-13 23:28:24,990 - INFO - 3 changes detected
2025-01-13 23:28:27,662 - INFO - 6 changes detected
2025-01-13 23:28:28,029 - INFO - 3 changes detected
2025-01-13 23:28:56,044 - INFO - 3 changes detected
2025-01-13 23:28:58,574 - INFO - Application started -----------
2025-01-13 23:28:58,656 - INFO - 3 changes detected
2025-01-13 23:28:58,662 - INFO - update data ------- title='ladyo' content='zooterh' tags=['uno'] image=None
2025-01-13 23:29:37,793 - INFO - update data ------- title='ladyo' content='zooterh' tags=['uno'] image=UploadFile(filename='Screenshot 2024-11-06 at 00.00.57.png', size=342385, headers=Headers({'content-disposition': 'form-data; name="image"; filename="Screenshot 2024-11-06 at 00.00.57.png"', 'content-type': 'image/png'}))
2025-01-13 23:29:38,907 - INFO - 2 changes detected
2025-01-13 23:29:44,128 - INFO - update data ------- title=None content='zooterh' tags=['uno'] image=UploadFile(filename='Screenshot 2024-11-06 at 00.00.57.png', size=342385, headers=Headers({'content-disposition': 'form-data; name="image"; filename="Screenshot 2024-11-06 at 00.00.57.png"', 'content-type': 'image/png'}))
2025-01-13 23:29:44,210 - INFO - 2 changes detected
2025-01-13 23:29:50,454 - INFO - update data ------- title=None content=None tags=['uno'] image=UploadFile(filename='Screenshot 2024-11-06 at 00.00.57.png', size=342385, headers=Headers({'content-disposition': 'form-data; name="image"; filename="Screenshot 2024-11-06 at 00.00.57.png"', 'content-type': 'image/png'}))
2025-01-13 23:29:50,531 - INFO - 3 changes detected
2025-01-13 23:30:02,417 - INFO - update data ------- title=None content=None tags=['uno, tres'] image=None
2025-01-13 23:30:52,866 - INFO - update data ------- title=None content=None tags=None image=UploadFile(filename='Screenshot 2024-10-05 at 04.06.47.png', size=562986, headers=Headers({'content-disposition': 'form-data; name="image"; filename="Screenshot 2024-10-05 at 04.06.47.png"', 'content-type': 'image/png'}))
2025-01-13 23:30:53,097 - INFO - 2 changes detected
2025-01-13 23:49:21,264 - INFO - 3 changes detected
2025-01-13 23:49:21,863 - INFO - 1 change detected
2025-01-13 23:49:25,389 - INFO - Application started -----------
2025-01-13 23:49:25,449 - INFO - 3 changes detected
2025-01-13 23:50:00,985 - INFO - 3 changes detected
2025-01-13 23:50:01,565 - INFO - 1 change detected
2025-01-13 23:50:04,230 - INFO - Application started -----------
2025-01-13 23:50:04,339 - INFO - 3 changes detected
2025-01-13 23:50:54,082 - INFO - 3 changes detected
2025-01-13 23:50:54,638 - INFO - 1 change detected
2025-01-13 23:50:57,354 - INFO - Application started -----------
2025-01-13 23:50:57,448 - INFO - 3 changes detected
2025-01-13 23:50:58,371 - INFO - User model ---- get current user payload error
2025-01-13 23:51:06,074 - WARNING - (trapped) error reading bcrypt version
Traceback (most recent call last):
  File "/Users/user/Desktop/Projects/Ethos/.env/lib/python3.11/site-packages/passlib/handlers/bcrypt.py", line 620, in _load_backend_mixin
    version = _bcrypt.__about__.__version__
              ^^^^^^^^^^^^^^^^^
AttributeError: module 'bcrypt' has no attribute '__about__'
2025-01-14 00:05:01,519 - INFO - 2 changes detected
2025-01-14 00:06:34,667 - INFO - 3 changes detected
2025-01-14 00:07:27,793 - INFO - 3 changes detected
2025-01-14 00:07:28,495 - INFO - 1 change detected
2025-01-14 00:07:30,381 - INFO - Application started -----------
2025-01-14 00:07:30,486 - INFO - 3 changes detected
2025-01-14 00:07:31,226 - INFO - 4 changes detected
2025-01-14 00:08:14,111 - INFO - 4 changes detected
2025-01-14 00:11:17,602 - INFO - 3 changes detected
2025-01-14 00:11:18,128 - INFO - 1 change detected
2025-01-14 00:11:20,005 - INFO - Application started -----------
2025-01-14 00:11:20,077 - INFO - 5 changes detected
2025-01-14 00:11:20,855 - INFO - 4 changes detected
2025-01-14 00:11:49,831 - INFO - 3 changes detected
2025-01-14 00:11:50,361 - INFO - 1 change detected
2025-01-14 00:11:53,504 - INFO - Application started -----------
2025-01-14 00:11:53,563 - INFO - 3 changes detected
2025-01-14 00:19:20,737 - INFO - 3 changes detected
2025-01-14 00:19:21,339 - INFO - 1 change detected
2025-01-14 00:19:23,631 - INFO - Application started -----------
2025-01-14 00:19:23,721 - INFO - 3 changes detected
2025-01-14 00:26:42,152 - INFO - 1 change detected
2025-01-14 00:26:42,716 - INFO - 1 change detected
2025-01-14 00:26:45,375 - INFO - Application started -----------
2025-01-14 00:27:00,567 - INFO - 2 changes detected
2025-01-14 00:27:01,110 - INFO - 1 change detected
2025-01-14 00:27:04,134 - INFO - Application started -----------
2025-01-14 00:27:16,172 - INFO - 2 changes detected
2025-01-14 00:27:16,701 - INFO - 1 change detected
2025-01-14 00:27:19,185 - INFO - Application started -----------
2025-01-14 00:27:44,547 - INFO - 1 change detected
2025-01-14 00:27:45,120 - INFO - 1 change detected
2025-01-14 00:27:47,881 - INFO - Application started -----------
2025-01-14 00:29:10,394 - INFO - 6 changes detected
2025-01-14 00:29:10,928 - INFO - 1 change detected
2025-01-14 00:29:13,079 - INFO - 6 changes detected
2025-01-14 00:29:13,139 - INFO - Application started -----------
2025-01-14 11:29:16,446 - INFO - Application started -----------
2025-01-14 11:29:18,372 - INFO - Application started -----------
2025-01-14 11:30:13,511 - INFO - 3 changes detected
2025-01-14 11:30:14,031 - INFO - 1 change detected
2025-01-14 11:30:16,687 - INFO - 3 changes detected
2025-01-14 11:30:17,453 - INFO - Application started -----------
2025-01-14 11:36:45,271 - INFO - 6 changes detected
2025-01-14 11:36:45,822 - INFO - 1 change detected
2025-01-14 11:36:49,042 - INFO - 3 changes detected
2025-01-14 11:36:49,128 - INFO - Application started -----------
2025-01-14 11:37:24,725 - INFO - 3 changes detected
2025-01-14 11:37:25,222 - INFO - 1 change detected
2025-01-14 11:37:27,403 - INFO - 3 changes detected
2025-01-14 11:37:27,512 - INFO - Application started -----------
2025-01-14 12:02:45,840 - INFO - 9 changes detected
2025-01-14 12:02:46,601 - INFO - 1 change detected
2025-01-14 12:02:50,106 - INFO - 6 changes detected
2025-01-14 12:02:50,164 - INFO - Application started -----------
2025-01-14 12:12:32,050 - INFO - 9 changes detected
2025-01-14 12:12:32,624 - INFO - 1 change detected
2025-01-14 12:12:34,908 - INFO - 9 changes detected
2025-01-14 12:12:35,052 - INFO - Application started -----------
2025-01-14 12:13:11,836 - INFO - 3 changes detected
2025-01-14 12:13:12,337 - INFO - 1 change detected
2025-01-14 12:13:14,577 - INFO - 3 changes detected
2025-01-14 12:13:15,098 - INFO - Application started -----------
2025-01-14 12:24:43,089 - INFO - 3 changes detected
2025-01-14 12:24:43,702 - INFO - 1 change detected
2025-01-14 12:24:47,185 - INFO - Application started -----------
2025-01-14 12:32:06,956 - INFO - 3 changes detected
2025-01-14 12:32:07,570 - INFO - 1 change detected
2025-01-14 12:32:09,806 - INFO - Application started -----------
2025-01-14 12:33:23,307 - INFO - 3 changes detected
2025-01-14 12:33:23,849 - INFO - 1 change detected
2025-01-14 12:33:26,193 - INFO - Application started -----------
2025-01-14 12:35:53,854 - INFO - Application started -----------
2025-01-14 12:35:55,477 - INFO - Application started -----------
2025-01-14 12:37:54,622 - INFO - 3 changes detected
2025-01-14 12:37:55,149 - INFO - 1 change detected
2025-01-14 12:37:57,015 - INFO - 3 changes detected
2025-01-14 12:37:57,495 - INFO - Application started -----------
2025-01-14 12:37:57,574 - INFO - 3 changes detected
2025-01-14 12:38:29,058 - INFO - 3 changes detected
2025-01-14 12:38:29,554 - INFO - 1 change detected
2025-01-14 12:38:32,134 - INFO - Application started -----------
2025-01-14 12:38:32,240 - INFO - 3 changes detected
2025-01-14 12:43:14,561 - INFO - 3 changes detected
2025-01-14 12:43:15,156 - INFO - 1 change detected
2025-01-14 12:43:17,234 - INFO - 3 changes detected
2025-01-14 12:43:18,082 - INFO - Application started -----------
2025-01-14 12:43:50,275 - INFO - 3 changes detected
2025-01-14 12:43:50,794 - INFO - 1 change detected
2025-01-14 12:43:53,126 - INFO - 3 changes detected
2025-01-14 12:43:53,253 - INFO - Application started -----------
2025-01-14 12:47:27,170 - INFO - 3 changes detected
2025-01-14 12:47:27,685 - INFO - 1 change detected
2025-01-14 12:47:30,552 - INFO - 3 changes detected
2025-01-14 12:47:30,645 - INFO - Application started -----------
2025-01-14 12:47:31,657 - INFO - project content ----  user title='test project' description='Developed a full-featured test project' project_url=HttpUrl('https://example.com/ecommerce') github_url=HttpUrl('https://github.com/yourusername/ecommerce') roles=['full-stack, front, devops'] images=[UploadFile(filename='flipper.jpeg', size=183236, headers=Headers({'content-disposition': 'form-data; name="images"; filename="flipper.jpeg"', 'content-type': 'image/jpeg'})), UploadFile(filename='Screenshot 2024-11-06 at 00.00.57.png', size=342385, headers=Headers({'content-disposition': 'form-data; name="images"; filename="Screenshot 2024-11-06 at 00.00.57.png"', 'content-type': 'image/png'}))]
2025-01-14 12:47:31,735 - INFO - 2 changes detected
2025-01-14 12:49:36,293 - INFO - 3 changes detected
2025-01-14 12:49:36,896 - INFO - 1 change detected
2025-01-14 12:49:39,962 - INFO - 3 changes detected
2025-01-14 12:49:40,216 - INFO - Application started -----------
2025-01-14 12:49:40,277 - INFO - project content ----  user title='test project' description='Developed a full-featured test project' project_url=HttpUrl('https://example.com/ecommerce') github_url=HttpUrl('https://github.com/yourusername/ecommerce') roles=['full-stack, front, devops'] images=[UploadFile(filename='flipper.jpeg', size=183236, headers=Headers({'content-disposition': 'form-data; name="images"; filename="flipper.jpeg"', 'content-type': 'image/jpeg'})), UploadFile(filename='Screenshot 2024-11-06 at 00.00.57.png', size=342385, headers=Headers({'content-disposition': 'form-data; name="images"; filename="Screenshot 2024-11-06 at 00.00.57.png"', 'content-type': 'image/png'}))]
2025-01-14 12:49:40,369 - INFO - 2 changes detected
2025-01-14 12:53:58,541 - INFO - 6 changes detected
2025-01-14 12:53:59,054 - INFO - 1 change detected
2025-01-14 12:54:03,021 - INFO - 6 changes detected
2025-01-14 12:54:03,141 - INFO - Application started -----------
2025-01-14 12:54:03,214 - INFO - project content ----  user title='test project' description='Developed a full-featured test project' project_url='https://example.com/ecommerce' github_url='https://github.com/yourusername/ecommerce' roles=['full-stack, front, devops'] images=[UploadFile(filename='flipper.jpeg', size=183236, headers=Headers({'content-disposition': 'form-data; name="images"; filename="flipper.jpeg"', 'content-type': 'image/jpeg'})), UploadFile(filename='Screenshot 2024-11-06 at 00.00.57.png', size=342385, headers=Headers({'content-disposition': 'form-data; name="images"; filename="Screenshot 2024-11-06 at 00.00.57.png"', 'content-type': 'image/png'}))]
2025-01-14 12:54:03,385 - INFO - 2 changes detected
2025-01-14 12:54:48,427 - INFO - project content ----  user title='test project' description='Developed a full-featured test project' project_url='https://example.com/ecommerce' github_url='https://github.com/yourusername/ecommerce' roles=['full-stack, front, devops'] images=None
2025-01-14 12:56:56,820 - INFO - 3 changes detected
2025-01-14 12:56:57,429 - INFO - 1 change detected
2025-01-14 12:57:00,189 - INFO - 3 changes detected
2025-01-14 12:57:00,917 - INFO - Application started -----------
2025-01-14 13:01:59,761 - INFO - 3 changes detected
2025-01-14 13:02:00,354 - INFO - 1 change detected
2025-01-14 13:02:03,102 - INFO - Application started -----------
2025-01-14 13:02:03,206 - INFO - 3 changes detected
2025-01-14 13:03:31,348 - INFO - project content ----  user title='test project 2' description='Another Developed a full-featured test project' project_url='https://example.com/ecommerce' github_url='https://github.com/yourusername/ecommerce' roles=['full-stack, front, devops'] images=[UploadFile(filename='flipper.jpeg', size=183236, headers=Headers({'content-disposition': 'form-data; name="images"; filename="flipper.jpeg"', 'content-type': 'image/jpeg'}))]
2025-01-14 13:03:31,619 - INFO - 1 change detected
2025-01-14 13:04:56,626 - INFO - 6 changes detected
2025-01-14 13:04:57,211 - INFO - 1 change detected
2025-01-14 13:05:00,614 - INFO - 3 changes detected
2025-01-14 13:05:00,689 - INFO - Application started -----------
2025-01-14 13:05:00,928 - INFO - project content ----  user title='test project 2' description='Another Developed a full-featured test project' project_url='https://example.com/ecommerce' github_url='https://github.com/yourusername/ecommerce' roles=['full-stack, front, devops'] images=[UploadFile(filename='flipper.jpeg', size=183236, headers=Headers({'content-disposition': 'form-data; name="images"; filename="flipper.jpeg"', 'content-type': 'image/jpeg'}))]
2025-01-14 13:05:01,025 - INFO - 5 changes detected
2025-01-14 13:05:46,377 - INFO - 10 changes detected
2025-01-14 13:07:35,794 - INFO - 3 changes detected
2025-01-14 13:07:36,367 - INFO - 1 change detected
2025-01-14 13:07:39,265 - INFO - Application started -----------
2025-01-14 13:07:39,313 - INFO - project content ----  user title='test project 2' description='Another Developed a full-featured test project' project_url='https://example.com/ecommerce' github_url='https://github.com/yourusername/ecommerce' roles=['full-stack, front, devops'] images=[UploadFile(filename='flipper.jpeg', size=183236, headers=Headers({'content-disposition': 'form-data; name="images"; filename="flipper.jpeg"', 'content-type': 'image/jpeg'}))]
2025-01-14 13:07:39,405 - INFO - 4 changes detected
